<?xml version="1.0" encoding="UTF-8"?>
<!-- Generated by org.testng.reporters.JUnitReportReporter -->
<testsuite hostname="DESKTOP-OET6KL6" failures="0" tests="11" name="Tests.AttendanceTest" time="0.002" errors="0" timestamp="2023-12-21T15:54:04 IST" skipped="11">
  <testcase classname="Tests.AttendanceTest" name="TC_001_VerifyAttendance" time="0.000">
    <skipped/>
  </testcase> <!-- TC_001_VerifyAttendance -->
  <system-out/>
  <testcase classname="Tests.AttendanceTest" name="TC_002_VerifyImagerequired" time="0.000">
    <skipped/>
  </testcase> <!-- TC_002_VerifyImagerequired -->
  <system-out/>
  <testcase classname="Tests.AttendanceTest" name="TC_002_VerifyImagerequired" time="0.000">
    <skipped/>
  </testcase> <!-- TC_002_VerifyImagerequired -->
  <system-out/>
  <testcase classname="Tests.AttendanceTest" name="TC_002_VerifyImagerequired" time="0.001">
    <skipped/>
  </testcase> <!-- TC_002_VerifyImagerequired -->
  <system-out/>
  <testcase classname="Tests.AttendanceTest" name="TC_002_VerifyImagerequired" time="0.000">
    <skipped/>
  </testcase> <!-- TC_002_VerifyImagerequired -->
  <system-out/>
  <testcase classname="Tests.AttendanceTest" name="TC_002_VerifyImagerequired" time="0.000">
    <skipped/>
  </testcase> <!-- TC_002_VerifyImagerequired -->
  <system-out/>
  <testcase classname="Tests.AttendanceTest" name="TC_002_VerifyImagerequired" time="0.000">
    <skipped/>
  </testcase> <!-- TC_002_VerifyImagerequired -->
  <system-out/>
  <testcase classname="Tests.AttendanceTest" name="TC_002_VerifyImagerequired" time="0.001">
    <skipped/>
  </testcase> <!-- TC_002_VerifyImagerequired -->
  <system-out/>
  <testcase classname="Tests.AttendanceTest" name="TC_002_VerifyImagerequired" time="0.000">
    <skipped/>
  </testcase> <!-- TC_002_VerifyImagerequired -->
  <system-out/>
  <testcase classname="Tests.AttendanceTest" name="TC_002_VerifyImagerequired" time="0.000">
    <skipped/>
  </testcase> <!-- TC_002_VerifyImagerequired -->
  <system-out/>
  <testcase classname="Tests.AttendanceTest" name="TC_002_VerifyImagerequired" time="0.000">
    <skipped/>
  </testcase> <!-- TC_002_VerifyImagerequired -->
  <system-out/>
</testsuite> <!-- Tests.AttendanceTest -->
