<?xml version="1.0" encoding="UTF-8"?>
<!-- Generated by org.testng.reporters.JUnitReportReporter -->
<testsuite hostname="DESKTOP-OET6KL6" failures="0" tests="9" name="Tests.ResourceCentreTest" time="0.000" errors="0" timestamp="2023-12-21T15:54:04 IST" skipped="9">
  <testcase classname="Tests.ResourceCentreTest" name="TC001_VerifyResourcecentrefiles" time="0.000">
    <skipped/>
  </testcase> <!-- TC001_VerifyResourcecentrefiles -->
  <system-out/>
  <testcase classname="Tests.ResourceCentreTest" name="TC001_VerifyResourcecentrefiles" time="0.000">
    <skipped/>
  </testcase> <!-- TC001_VerifyResourcecentrefiles -->
  <system-out/>
  <testcase classname="Tests.ResourceCentreTest" name="TC001_VerifyResourcecentrefiles" time="0.000">
    <skipped/>
  </testcase> <!-- TC001_VerifyResourcecentrefiles -->
  <system-out/>
  <testcase classname="Tests.ResourceCentreTest" name="TC001_VerifyResourcecentrefiles" time="0.000">
    <skipped/>
  </testcase> <!-- TC001_VerifyResourcecentrefiles -->
  <system-out/>
  <testcase classname="Tests.ResourceCentreTest" name="TC001_VerifyResourcecentrefiles" time="0.000">
    <skipped/>
  </testcase> <!-- TC001_VerifyResourcecentrefiles -->
  <system-out/>
  <testcase classname="Tests.ResourceCentreTest" name="TC001_VerifyResourcecentrefiles" time="0.000">
    <skipped/>
  </testcase> <!-- TC001_VerifyResourcecentrefiles -->
  <system-out/>
  <testcase classname="Tests.ResourceCentreTest" name="TC001_VerifyResourcecentrefiles" time="0.000">
    <skipped/>
  </testcase> <!-- TC001_VerifyResourcecentrefiles -->
  <system-out/>
  <testcase classname="Tests.ResourceCentreTest" name="TC001_VerifyResourcecentrefiles" time="0.000">
    <skipped/>
  </testcase> <!-- TC001_VerifyResourcecentrefiles -->
  <system-out/>
  <testcase classname="Tests.ResourceCentreTest" name="TC001_VerifyResourcecentrefiles" time="0.000">
    <skipped/>
  </testcase> <!-- TC001_VerifyResourcecentrefiles -->
  <system-out/>
</testsuite> <!-- Tests.ResourceCentreTest -->
